<?xml version="1.0" encoding="UTF-8"?>
<!-- Generated by org.testng.reporters.JUnitReportReporter -->
<testsuite hostname="INMFQAIQE" failures="0" tests="1" name="finalmyyatra.testcases.YatraSearchDateTest" time="40.054" errors="0" timestamp="2023-06-07T08:45:49 IST" skipped="0">
  <testcase classname="finalmyyatra.testcases.YatraSearchDateTest" name="dateCheck" time="40.054"/>
  <system-out/>
</testsuite> <!-- finalmyyatra.testcases.YatraSearchDateTest -->
