<?xml version="1.0" encoding="UTF-8"?>
<!-- Generated by org.testng.reporters.JUnitReportReporter -->
<testsuite hostname="INMFQAIQE" failures="0" tests="1" name="finalmyyatra.testcases.YatraIndexTest" time="52.327" errors="0" timestamp="2023-06-07T11:22:42 IST" skipped="0">
  <testcase classname="finalmyyatra.testcases.YatraIndexTest" name="searchFlight" time="52.327"/>
  <system-out/>
</testsuite> <!-- finalmyyatra.testcases.YatraIndexTest -->
