<?xml version="1.0" encoding="UTF-8"?>
<!-- Generated by org.testng.reporters.JUnitReportReporter -->
<testsuite hostname="INMFQAIQE" failures="0" tests="1" name="finalmyyatra.testcases.YatraIndexTest" time="40.029" errors="0" timestamp="2023-06-08T13:57:47 IST" skipped="0">
  <testcase classname="finalmyyatra.testcases.YatraIndexTest" name="searchFlight" time="40.029"/>
  <system-out/>
</testsuite> <!-- finalmyyatra.testcases.YatraIndexTest -->
