<?xml version="1.0" encoding="UTF-8"?>
<!-- Generated by org.testng.reporters.JUnitReportReporter -->
<testsuite hostname="INMFQAIQE" failures="0" tests="1" name="finalmyyatra.testcases.YatraSearchDateTest" time="17.874" errors="0" timestamp="2023-06-03T14:07:20 IST" skipped="0">
  <testcase classname="finalmyyatra.testcases.YatraSearchDateTest" name="dateCheck" time="17.874"/>
  <system-out/>
</testsuite> <!-- finalmyyatra.testcases.YatraSearchDateTest -->
